nohup: ignoring input
INFO:analytics.cross_platform_analytics:Cross-Platform Analytics Engine initialized
INFO:integrations.ai_insights:✅ AI-Powered Insight Generation Engine loaded successfully
INFO:integrations.report_engine:AI Insights engine imported successfully
INFO:integrations.report_engine:Database connection established for report generation
INFO:integrations.report_engine:✅ Enhanced Report Generation System loaded successfully
INFO:integrations.report_api:Report engine imported successfully
INFO:integrations.report_api:✅ Enhanced Report Generation API with Export/Email functionality loaded successfully
INFO:shopify_connector:Shopify tables created successfully
INFO:analytics.cross_platform_analytics:Cross-Platform Analytics Engine initialized
INFO:     Started server process [689963]
INFO:     Waiting for application startup.
INFO:     Application startup complete.
INFO:     Uvicorn running on http://0.0.0.0:8001 (Press CTRL+C to quit)
✅ Enhanced Report Generation System API loaded successfully
✅ Enhanced Alert System API loaded successfully
✅ Multi-Channel Notification System API loaded successfully
✅ Enhanced Report Generation System API loaded successfully
🚀 Starting Enhanced Nexus Analytics Server...
INFO:     127.0.0.1:47770 - "GET /health HTTP/1.1" 200 OK
INFO:     Shutting down
INFO:     Waiting for application shutdown.
INFO:     Application shutdown complete.
INFO:     Finished server process [689963]
